<?xml version="1.0" encoding="UTF-8"?>
<testng-results skipped="0" failed="1" total="1" passed="0">
  <reporter-output>
  </reporter-output>
  <suite name="Default Suite" duration-ms="67573" started-at="2019-11-12T17:39:20Z" finished-at="2019-11-12T17:40:28Z">
    <groups>
    </groups>
    <test name="peachy" duration-ms="67573" started-at="2019-11-12T17:39:20Z" finished-at="2019-11-12T17:40:28Z">
      <class name="Test_Clases.TestNG_Search">
        <test-method status="PASS" signature="setup()[pri:0, instance:Test_Clases.TestNG_Search@34ce8af7]" name="setup" is-config="true" duration-ms="2782" started-at="2019-11-12T20:39:20Z" finished-at="2019-11-12T20:39:23Z">
          <reporter-output>
          </reporter-output>
        </test-method> <!-- setup -->
        <test-method status="FAIL" signature="TestPromoCode()[pri:0, instance:Test_Clases.TestNG_Search@34ce8af7]" name="TestPromoCode" duration-ms="64767" started-at="2019-11-12T20:39:23Z" finished-at="2019-11-12T20:40:28Z">
          <exception class="org.openqa.selenium.TimeoutException">
            <message>
              <![CDATA[Expected condition failed: waiting for visibility of element located by By.id: calc_new_total_payable (tried for 60 second(s) with 500 milliseconds interval)
Build info: version: '3.141.59', revision: 'e82be7d358', time: '2018-11-14T08:25:53'
System info: host: 'Furkan-MacBook-Pro.local', ip: 'fe80:0:0:0:8dd:ba21:f959:4100%en0', os.name: 'Mac OS X', os.arch: 'x86_64', os.version: '10.13.6', java.version: '1.8.0_201'
Driver info: org.openqa.selenium.chrome.ChromeDriver
Capabilities {acceptInsecureCerts: false, browserName: chrome, browserVersion: 78.0.3904.97, chrome: {chromedriverVersion: 77.0.3865.40 (f484704e052e0..., userDataDir: /var/folders/3p/ttvrfvm97gl...}, goog:chromeOptions: {debuggerAddress: localhost:56477}, javascriptEnabled: true, networkConnectionEnabled: false, pageLoadStrategy: normal, platform: MAC, platformName: MAC, proxy: Proxy(), setWindowRect: true, strictFileInteractability: false, timeouts: {implicit: 0, pageLoad: 300000, script: 30000}, unhandledPromptBehavior: dismiss and notify}
Session ID: 557472fcefc64334e6e8e10734bcf1a3]]>
            </message>
            <full-stacktrace>
              <![CDATA[org.openqa.selenium.TimeoutException: Expected condition failed: waiting for visibility of element located by By.id: calc_new_total_payable (tried for 60 second(s) with 500 milliseconds interval)
Build info: version: '3.141.59', revision: 'e82be7d358', time: '2018-11-14T08:25:53'
System info: host: 'Furkan-MacBook-Pro.local', ip: 'fe80:0:0:0:8dd:ba21:f959:4100%en0', os.name: 'Mac OS X', os.arch: 'x86_64', os.version: '10.13.6', java.version: '1.8.0_201'
Driver info: org.openqa.selenium.chrome.ChromeDriver
Capabilities {acceptInsecureCerts: false, browserName: chrome, browserVersion: 78.0.3904.97, chrome: {chromedriverVersion: 77.0.3865.40 (f484704e052e0..., userDataDir: /var/folders/3p/ttvrfvm97gl...}, goog:chromeOptions: {debuggerAddress: localhost:56477}, javascriptEnabled: true, networkConnectionEnabled: false, pageLoadStrategy: normal, platform: MAC, platformName: MAC, proxy: Proxy(), setWindowRect: true, strictFileInteractability: false, timeouts: {implicit: 0, pageLoad: 300000, script: 30000}, unhandledPromptBehavior: dismiss and notify}
Session ID: 557472fcefc64334e6e8e10734bcf1a3
	at org.openqa.selenium.support.ui.WebDriverWait.timeoutException(WebDriverWait.java:95)
	at org.openqa.selenium.support.ui.FluentWait.until(FluentWait.java:272)
	at Test_Clases.TestNG_Search.TestPromoCode(TestNG_Search.java:70)
	at sun.reflect.NativeMethodAccessorImpl.invoke0(Native Method)
	at sun.reflect.NativeMethodAccessorImpl.invoke(NativeMethodAccessorImpl.java:62)
	at sun.reflect.DelegatingMethodAccessorImpl.invoke(DelegatingMethodAccessorImpl.java:43)
	at java.lang.reflect.Method.invoke(Method.java:498)
	at org.testng.internal.MethodInvocationHelper.invokeMethod(MethodInvocationHelper.java:85)
	at org.testng.internal.Invoker.invokeMethod(Invoker.java:639)
	at org.testng.internal.Invoker.invokeTestMethod(Invoker.java:816)
	at org.testng.internal.Invoker.invokeTestMethods(Invoker.java:1124)
	at org.testng.internal.TestMethodWorker.invokeTestMethods(TestMethodWorker.java:125)
	at org.testng.internal.TestMethodWorker.run(TestMethodWorker.java:108)
	at org.testng.TestRunner.privateRun(TestRunner.java:774)
	at org.testng.TestRunner.run(TestRunner.java:624)
	at org.testng.SuiteRunner.runTest(SuiteRunner.java:359)
	at org.testng.SuiteRunner.runSequentially(SuiteRunner.java:354)
	at org.testng.SuiteRunner.privateRun(SuiteRunner.java:312)
	at org.testng.SuiteRunner.run(SuiteRunner.java:261)
	at org.testng.SuiteRunnerWorker.runSuite(SuiteRunnerWorker.java:52)
	at org.testng.SuiteRunnerWorker.run(SuiteRunnerWorker.java:86)
	at org.testng.TestNG.runSuitesSequentially(TestNG.java:1215)
	at org.testng.TestNG.runSuitesLocally(TestNG.java:1140)
	at org.testng.TestNG.run(TestNG.java:1048)
	at org.testng.IDEARemoteTestNG.run(IDEARemoteTestNG.java:73)
	at org.testng.RemoteTestNGStarter.main(RemoteTestNGStarter.java:123)
]]>
            </full-stacktrace>
          </exception> <!-- org.openqa.selenium.TimeoutException -->
          <reporter-output>
          </reporter-output>
        </test-method> <!-- TestPromoCode -->
        <test-method status="PASS" signature="afterMethod()[pri:0, instance:Test_Clases.TestNG_Search@34ce8af7]" name="afterMethod" is-config="true" duration-ms="0" started-at="2019-11-12T20:40:28Z" finished-at="2019-11-12T20:40:28Z">
          <reporter-output>
          </reporter-output>
        </test-method> <!-- afterMethod -->
      </class> <!-- Test_Clases.TestNG_Search -->
    </test> <!-- peachy -->
  </suite> <!-- Default Suite -->
</testng-results>
